
################################
cs related test cases

BRP,2015-03-12T23:10:38.010Z,0F2ADF99288E8404,CBB35FB2BF3774CF,2AF0099F5DC0F073,api_buy_rails,api-buy.bento.btrll.com,cs,1.0,/root

BRP,2015-03-12T23:10:38.010Z,0F2ADF99288E8404,CBB35FB2BF3774CF,2AF0099F5DC0F073,api_buy_rails,api-buy.bento.btrll.com,cs,1.0,/root,{abd}

BRP,2015-03-12T23:10:38.010Z,0F2ADF99288E8404,CBB35FB2BF3774CF,2AF0099F5DC0F073,api_buy_rails,api-buy.bento.btrll.com,cs,1.0,/root/apd,[1,2,3]

BRP,2015-03-12T23:10:38.010Z,0F2ADF99288E8404,CBB35FB2BF3774CF,2AF0099F5DC0F073,api_buy_rails,api-buy.bento.btrll.com,cs,1.0,/root/apd,{"abc":1, "bbb":[1,true,true]}

################################
cr related test cases

BRP,2015-03-12T23:10:38.010Z,0F2ADF99288E8404,CBB35FB2BF3774CF,2AF0099F5DC0F073,api_buy_rails,api-buy.bento.btrll.com,cr,1.0,200

BRP,2015-03-12T23:10:38.010Z,0F2ADF99288E8404,CBB35FB2BF3774CF,2AF0099F5DC0F073,api_buy_rails,api-buy.bento.btrll.com,cr,1.0,500,abklfd5403i-sdfjklsd*3tkfl


################################
sr related test cases

BRP,2015-03-12T23:10:38.010Z,0F2ADF99288E8404,CBB35FB2BF3774CF,2AF0099F5DC0F073,api_buy_rails,api-buy.bento.btrll.com,sr,1.0,username-lalala


################################
concat into log file

echo "BRP,2015-03-12T23:10:38.010Z,0F2ADF99288E8404,CBB35FB2BF3774CF,2AF0099F5DC0F073,api_buy_rails,api-buy.bento.btrll.com,cs,1.0,/root" >> brp.log

echo "BRP,2015-03-12T23:10:38.010Z,0F2ADF99288E8404,CBB35FB2BF3774CF,2AF0099F5DC0F073,api_buy_rails,api-buy.bento.btrll.com,cs,1.0,/root" >> brp.log

echo "BRP,2015-03-12T23:10:38.010Z,0F2ADF99288E8404,CBB35FB2BF3774CF,2AF0099F5DC0F073,api_buy_rails,api-buy.bento.btrll.com,cs,1.0,/root" >> brp.log

echo "BRP,2015-03-12T23:10:38.010Z,0F2ADF99288E8404,CBB35FB2BF3774CF,2AF0099F5DC0F073,api_buy_rails,api-buy.bento.btrll.com,cs,1.0,/root" >> brp.log

echo "BRP,2015-03-12T23:10:38.010Z,0F2ADF99288E8404,CBB35FB2BF3774CF,2AF0099F5DC0F073,api_buy_rails,api-buy.bento.btrll.com,cs,1.0,/root,{abd}" >> brp.log

echo "BRP,2015-03-12T23:10:38.010Z,0F2ADF99288E8404,CBB35FB2BF3774CF,2AF0099F5DC0F073,api_buy_rails,api-buy.bento.btrll.com,cr,1.0,200" >> brp.log

echo "BRP,2015-03-12T23:10:38.010Z,0F2ADF99288E8404,CBB35FB2BF3774CF,2AF0099F5DC0F073,api_buy_rails,api-buy.bento.btrll.com,cr,1.0,500,abklfd5403i-sdfjklsd*3tkfl" >> brp.log

echo "BRP,2015-03-12T23:10:38.010Z,0F2ADF99288E8404,CBB35FB2BF3774CF,2AF0099F5DC0F073,api_buy_rails,api-buy.bento.btrll.com,sr,1.0,username-lalal" >> brp.log





BRP,2015-03-12T23:10:29.357Z,EAAB4CA441244774,12EB791F0DB1A727,10646644746925EF,api_buy_rails,api-buy.bento.btrll.com,sr,1.0,
BRP,2015-03-12T23:10:29.388Z,EAAB4CA441244774,12EB791F0DB1A727,10646644746925EF,api_buy_rails,api-buy.bento.btrll.com,ss,1.0,
BRP,2015-03-12T23:10:32.223Z,53C95CA6438F83CE,5C5EBA8C3DE70EB1,66E939E68161EAA9,api_buy_rails,api-buy.bento.btrll.com,sr,1.0,
BRP,2015-03-12T23:10:33.021Z,53C95CA6438F83CE,5C5EBA8C3DE70EB1,66E939E68161EAA9,api_buy_rails,api-buy.bento.btrll.com,ss,1.0,
BRP,2015-03-12T23:10:33.814Z,0B4B11617A2FAB71,3493FC9E2B39BDE4,08BE1B02BFFB065E,api_buy_rails,api-buy.bento.btrll.com,sr,1.0,
BRP,2015-03-12T23:10:34.534Z,0B4B11617A2FAB71,3493FC9E2B39BDE4,08BE1B02BFFB065E,api_buy_rails,api-buy.bento.btrll.com,ss,1.0,
BRP,2015-03-12T23:10:34.636Z,A2DC69210E9F3E02,852CE4EF09480CE5,9D8638F93FBA1269,api_buy_rails,api-buy.bento.btrll.com,sr,1.0,
BRP,2015-03-12T23:10:34.668Z,A2DC69210E9F3E02,852CE4EF09480CE5,9D8638F93FBA1269,api_buy_rails,api-buy.bento.btrll.com,ss,1.0,
BRP,2015-03-12T23:10:34.759Z,A905DC76A57F032B,022909C940244D74,64902FB44E8E76D5,api_buy_rails,api-buy.bento.btrll.com,sr,1.0,
BRP,2015-03-12T23:10:34.792Z,A905DC76A57F032B,022909C940244D74,64902FB44E8E76D5,api_buy_rails,api-buy.bento.btrll.com,ss,1.0,
BRP,2015-03-12T23:10:34.876Z,ED4EF93DE012B924,242365F5DEE0BCA3,4938DF70E134BF55,api_buy_rails,api-buy.bento.btrll.com,sr,1.0,
BRP,2015-03-12T23:10:34.908Z,ED4EF93DE012B924,242365F5DEE0BCA3,4938DF70E134BF55,api_buy_rails,api-buy.bento.btrll.com,ss,1.0,
BRP,2015-03-12T23:10:35.730Z,CBD8D9AE119EB4C6,E82ACCFC289F5890,421E2FBB752B5F19,api_buy_rails,api-buy.bento.btrll.com,sr,1.0,
BRP,2015-03-12T23:10:36.325Z,CBD8D9AE119EB4C6,E82ACCFC289F5890,421E2FBB752B5F19,api_buy_rails,api-buy.bento.btrll.com,ss,1.0,
BRP,2015-03-12T23:10:36.465Z,D36210EE43016882,98AA08AF5120C581,D9EA07CC66A2122A,api_buy_rails,api-buy.bento.btrll.com,sr,1.0,
BRP,2015-03-12T23:10:36.556Z,D36210EE43016882,98AA08AF5120C581,D9EA07CC66A2122A,api_buy_rails,api-buy.bento.btrll.com,ss,1.0,
BRP,2015-03-12T23:10:36.681Z,D30E67D1AC9818DC,6389AD4006C2E318,6A69A5F986201006,api_buy_rails,api-buy.bento.btrll.com,sr,1.0,
BRP,2015-03-12T23:10:36.713Z,D30E67D1AC9818DC,6389AD4006C2E318,6A69A5F986201006,api_buy_rails,api-buy.bento.btrll.com,ss,1.0,
BRP,2015-03-12T23:10:36.795Z,71C5175E5FB01D61,12F859FEDA94D492,D14B4014F50A5A7D,api_buy_rails,api-buy.bento.btrll.com,sr,1.0,
BRP,2015-03-12T23:10:36.832Z,71C5175E5FB01D61,12F859FEDA94D492,D14B4014F50A5A7D,api_buy_rails,api-buy.bento.btrll.com,ss,1.0,
BRP,2015-03-12T23:10:36.947Z,CF668D428F4C0B81,EC2AE7837BDFD10C,C928FA0A55BEC5AA,api_buy_rails,api-buy.bento.btrll.com,sr,1.0,
BRP,2015-03-12T23:10:37.036Z,CF668D428F4C0B81,EC2AE7837BDFD10C,C928FA0A55BEC5AA,api_buy_rails,api-buy.bento.btrll.com,ss,1.0,
BRP,2015-03-12T23:10:37.512Z,66421A6DE5B77D61,82810E096B56B6A0,3D230394F717CDB8,api_buy_rails,api-buy.bento.btrll.com,sr,1.0,
BRP,2015-03-12T23:10:37.742Z,66421A6DE5B77D61,82810E096B56B6A0,3D230394F717CDB8,api_buy_rails,api-buy.bento.btrll.com,ss,1.0,
BRP,2015-03-12T23:10:38.010Z,0F2ADF99288E8404,CBB35FB2BF3774CF,2AF0099F5DC0F073,api_buy_rails,api-buy.bento.btrll.com,sr,1.0,
BRP,2015-03-12T23:10:38.100Z,0F2ADF99288E8404,CBB35FB2BF3774CF,2AF0099F5DC0F073,api_buy_rails,api-buy.bento.btrll.com,ss,1.0,
BRP,2015-03-12T23:10:38.235Z,7BE92A06F7E63C1E,DC2906FD818AEAC0,5D13392C50C97F49,api_buy_rails,api-buy.bento.btrll.com,sr,1.0,
BRP,2015-03-12T23:10:38.267Z,7BE92A06F7E63C1E,DC2906FD818AEAC0,5D13392C50C97F49,api_buy_rails,api-buy.bento.btrll.com,ss,1.0,
BRP,2015-03-12T23:10:40.428Z,D92045BFE683DC7A,55D9AF25ED6DF978,955A76680E1F9240,api_buy_rails,api-buy.bento.btrll.com,sr,1.0,
BRP,2015-03-12T23:10:40.541Z,D92045BFE683DC7A,55D9AF25ED6DF978,955A76680E1F9240,api_buy_rails,api-buy.bento.btrll.com,ss,1.0,
BRP,2015-03-12T23:10:41.817Z,5DB5E1B31D887C4B,214E4D5627816DD9,EE70268ADCFD56B2,api_buy_rails,api-buy.bento.btrll.com,sr,1.0,
BRP,2015-03-12T23:10:42.158Z,5DB5E1B31D887C4B,214E4D5627816DD9,EE70268ADCFD56B2,api_buy_rails,api-buy.bento.btrll.com,ss,1.0,
BRP,2015-03-12T23:10:45.477Z,5A013153550202A0,1AEB22A83E2C6D77,BDEBE163F722AA02,api_buy_rails,api-buy.bento.btrll.com,sr,1.0,
BRP,2015-03-12T23:10:45.525Z,5A013153550202A0,1AEB22A83E2C6D77,BDEBE163F722AA02,api_buy_rails,api-buy.bento.btrll.com,ss,1.0,
BRP,2015-03-12T23:10:45.987Z,A9F6659D1A4CB965,AF95FEF441167D89,FD3B3022FA4406A5,api_buy_rails,api-buy.bento.btrll.com,sr,1.0,
BRP,2015-03-12T23:10:46.104Z,A9F6659D1A4CB965,AF95FEF441167D89,FD3B3022FA4406A5,api_buy_rails,api-buy.bento.btrll.com,ss,1.0,
BRP,2015-03-12T23:10:46.159Z,89EAB84181535F82,92F0D5346C1B2C2D,E6099E41E94D6E7D,api_buy_rails,api-buy.bento.btrll.com,sr,1.0,
BRP,2015-03-12T23:10:46.231Z,89EAB84181535F82,92F0D5346C1B2C2D,E6099E41E94D6E7D,api_buy_rails,api-buy.bento.btrll.com,ss,1.0,
BRP,2015-03-12T23:10:46.275Z,DF0FA5622574C55A,2C854C5CF39A779F,8042F2736BF81EB7,api_buy_rails,api-buy.bento.btrll.com,sr,1.0,
BRP,2015-03-12T23:10:46.319Z,DF0FA5622574C55A,2C854C5CF39A779F,8042F2736BF81EB7,api_buy_rails,api-buy.bento.btrll.com,ss,1.0,
BRP,2015-03-12T23:10:46.794Z,3C20DA12D8F92DFD,EB41F5E0C2C0B8EB,EA4D78CF6F0C9366,api_buy_rails,api-buy.bento.btrll.com,sr,1.0,
BRP,2015-03-12T23:10:46.877Z,3C20DA12D8F92DFD,EB41F5E0C2C0B8EB,EA4D78CF6F0C9366,api_buy_rails,api-buy.bento.btrll.com,ss,1.0,
BRP,2015-03-12T23:10:46.930Z,8C6AB541F5714840,AEF2CF82F874358E,2C49CB1BEBDC2446,api_buy_rails,api-buy.bento.btrll.com,sr,1.0,
BRP,2015-03-12T23:10:46.971Z,8C6AB541F5714840,AEF2CF82F874358E,2C49CB1BEBDC2446,api_buy_rails,api-buy.bento.btrll.com,ss,1.0,
BRP,2015-03-12T23:10:47.020Z,BDD025F9C40C7AC2,1D86E7902312B922,2DECCAE5F0F5BBE4,api_buy_rails,api-buy.bento.btrll.com,sr,1.0,
BRP,2015-03-12T23:10:47.060Z,BDD025F9C40C7AC2,1D86E7902312B922,2DECCAE5F0F5BBE4,api_buy_rails,api-buy.bento.btrll.com,ss,1.0,
BRP,2015-03-12T23:10:47.124Z,80381904405F68B0,8F5A7A954D503536,4669FDB5AEB47AA5,api_buy_rails,api-buy.bento.btrll.com,sr,1.0,
BRP,2015-03-12T23:10:47.237Z,80381904405F68B0,8F5A7A954D503536,4669FDB5AEB47AA5,api_buy_rails,api-buy.bento.btrll.com,ss,1.0,
BRP,2015-03-12T23:10:47.297Z,F679E259E2D0D350,4A6308177A8D1109,1E12CF455F689499,api_buy_rails,api-buy.bento.btrll.com,sr,1.0,
BRP,2015-03-12T23:10:47.337Z,F679E259E2D0D350,4A6308177A8D1109,1E12CF455F689499,api_buy_rails,api-buy.bento.btrll.com,ss,1.0,
BRP,2015-03-12T23:10:47.424Z,28A0FAECF036F450,F17F7EA61BCC692C,627455ACC2EFED36,api_buy_rails,api-buy.bento.btrll.com,sr,1.0,
BRP,2015-03-12T23:10:47.462Z,28A0FAECF036F450,F17F7EA61BCC692C,627455ACC2EFED36,api_buy_rails,api-buy.bento.btrll.com,ss,1.0,
BRP,2015-03-12T23:10:47.541Z,6EFACA03CB9C5CC5,3ED8BEFF2E1183FE,1F4FAD13B8C48ED1,api_buy_rails,api-buy.bento.btrll.com,sr,1.0,
BRP,2015-03-12T23:10:47.579Z,6EFACA03CB9C5CC5,3ED8BEFF2E1183FE,1F4FAD13B8C48ED1,api_buy_rails,api-buy.bento.btrll.com,ss,1.0,
BRP,2015-03-12T23:10:47.636Z,B976C1546647A1D6,4330E87F2398DD9F,808F73F674F582D6,api_buy_rails,api-buy.bento.btrll.com,sr,1.0,
BRP,2015-03-12T23:10:47.672Z,B976C1546647A1D6,4330E87F2398DD9F,808F73F674F582D6,api_buy_rails,api-buy.bento.btrll.com,ss,1.0,
BRP,2015-03-12T23:10:48.507Z,3030D27B32A3999B,DB4ADA95D8F8507D,55404C15CD69E13C,api_buy_rails,api-buy.bento.btrll.com,sr,1.0,
BRP,2015-03-12T23:10:48.542Z,3030D27B32A3999B,DB4ADA95D8F8507D,55404C15CD69E13C,api_buy_rails,api-buy.bento.btrll.com,ss,1.0,
BRP,2015-03-12T23:10:49.036Z,2E22927E8748ADA1,93647EE2D9D4C1A3,4AA80F69DD766375,api_buy_rails,api-buy.bento.btrll.com,sr,1.0,
BRP,2015-03-12T23:10:49.241Z,2E22927E8748ADA1,93647EE2D9D4C1A3,4AA80F69DD766375,api_buy_rails,api-buy.bento.btrll.com,ss,1.0,
BRP,2015-03-12T23:10:51.554Z,4F18F1D117EBC440,ED1C0CD2FED4FB97,E3774099BB24C9CD,api_buy_rails,api-buy.bento.btrll.com,sr,1.0,
BRP,2015-03-12T23:10:51.589Z,4F18F1D117EBC440,ED1C0CD2FED4FB97,E3774099BB24C9CD,api_buy_rails,api-buy.bento.btrll.com,ss,1.0,
BRP,2015-03-12T23:10:51.621Z,BD6CCE2ABDE51535,4F9C20170E55869B,0258245892480461,api_buy_rails,api-buy.bento.btrll.com,sr,1.0,
BRP,2015-03-12T23:10:51.652Z,BD6CCE2ABDE51535,4F9C20170E55869B,0258245892480461,api_buy_rails,api-buy.bento.btrll.com,ss,1.0,
BRP,2015-03-12T23:10:51.683Z,1F5C6AD1A8AAA0B4,103F409B0EC38F67,682AA293E7AFB16B,api_buy_rails,api-buy.bento.btrll.com,sr,1.0,
BRP,2015-03-12T23:10:51.882Z,1F5C6AD1A8AAA0B4,103F409B0EC38F67,682AA293E7AFB16B,api_buy_rails,api-buy.bento.btrll.com,ss,1.0,
BRP,2015-03-12T23:10:51.916Z,F420357E996EAB9A,DE93C7D53765439F,A1578289FE76C656,api_buy_rails,api-buy.bento.btrll.com,sr,1.0,
BRP,2015-03-12T23:10:52.160Z,F420357E996EAB9A,DE93C7D53765439F,A1578289FE76C656,api_buy_rails,api-buy.bento.btrll.com,ss,1.0,
BRP,2015-03-12T23:10:52.311Z,98A2BFE041793283,DB333FDBC8BF5B94,C16B9296A4119EAD,api_buy_rails,api-buy.bento.btrll.com,sr,1.0,
BRP,2015-03-12T23:10:52.694Z,98A2BFE041793283,DB333FDBC8BF5B94,C16B9296A4119EAD,api_buy_rails,api-buy.bento.btrll.com,ss,1.0,
BRP,2015-03-12T23:10:52.806Z,23A7A9BDDC4D1C1C,24C1423B8BC8E812,4ED00E79FD585A7E,api_buy_rails,api-buy.bento.btrll.com,sr,1.0,
BRP,2015-03-12T23:10:53.034Z,23A7A9BDDC4D1C1C,24C1423B8BC8E812,4ED00E79FD585A7E,api_buy_rails,api-buy.bento.btrll.com,ss,1.0,
BRP,2015-03-12T23:10:53.144Z,A939FF359A123DB4,B08C81378A3A6A81,8ABAF48BB058285E,api_buy_rails,api-buy.bento.btrll.com,sr,1.0,
BRP,2015-03-12T23:10:53.374Z,A939FF359A123DB4,B08C81378A3A6A81,8ABAF48BB058285E,api_buy_rails,api-buy.bento.btrll.com,ss,1.0,
BRP,2015-03-12T23:10:53.460Z,9EB120B01E7A620B,55719DAD156E0572,1448BFB0BD2ECD14,api_buy_rails,api-buy.bento.btrll.com,sr,1.0,
BRP,2015-03-12T23:10:53.665Z,9EB120B01E7A620B,55719DAD156E0572,1448BFB0BD2ECD14,api_buy_rails,api-buy.bento.btrll.com,ss,1.0,
BRP,2015-03-12T23:10:53.744Z,27909ED4AAD5546D,9126EAE490EFB083,9E6FA809DE08C20F,api_buy_rails,api-buy.bento.btrll.com,sr,1.0,
BRP,2015-03-12T23:10:53.961Z,27909ED4AAD5546D,9126EAE490EFB083,9E6FA809DE08C20F,api_buy_rails,api-buy.bento.btrll.com,ss,1.0,
BRP,2015-03-12T23:10:54.039Z,DA1481F91509CF74,393D8B4E152D4061,FE704C92B9AEB948,api_buy_rails,api-buy.bento.btrll.com,sr,1.0,
BRP,2015-03-12T23:10:54.266Z,DA1481F91509CF74,393D8B4E152D4061,FE704C92B9AEB948,api_buy_rails,api-buy.bento.btrll.com,ss,1.0,
BRP,2015-03-12T23:10:54.361Z,925FDB95DD831F7F,2761F3AAA110FF8F,162645080674BE5D,api_buy_rails,api-buy.bento.btrll.com,sr,1.0,
BRP,2015-03-12T23:10:54.664Z,925FDB95DD831F7F,2761F3AAA110FF8F,162645080674BE5D,api_buy_rails,api-buy.bento.btrll.com,ss,1.0,
BRP,2015-03-12T23:10:54.796Z,BB47DEF85F8D0E5C,CB6E35FC22ACF49A,06AC96874FA40D8A,api_buy_rails,api-buy.bento.btrll.com,sr,1.0,
BRP,2015-03-12T23:10:54.833Z,BB47DEF85F8D0E5C,CB6E35FC22ACF49A,06AC96874FA40D8A,api_buy_rails,api-buy.bento.btrll.com,ss,1.0,
BRP,2015-03-12T23:10:54.921Z,CA0C867E570A328A,3D7D0B18CDCB0EDF,F50CF2D1C4A0D4A3,api_buy_rails,api-buy.bento.btrll.com,sr,1.0,
BRP,2015-03-12T23:10:55.134Z,CA0C867E570A328A,3D7D0B18CDCB0EDF,F50CF2D1C4A0D4A3,api_buy_rails,api-buy.bento.btrll.com,ss,1.0,
BRP,2015-03-12T23:10:55.270Z,50542C466F4A5A6F,E455A202410B7112,52FE13170B8A5025,api_buy_rails,api-buy.bento.btrll.com,sr,1.0,
BRP,2015-03-12T23:10:55.490Z,50542C466F4A5A6F,E455A202410B7112,52FE13170B8A5025,api_buy_rails,api-buy.bento.btrll.com,ss,1.0,
BRP,2015-03-12T23:10:55.570Z,74C48F9DD31655E6,F08DD48C23302B99,57B47CB1EC9E3A63,api_buy_rails,api-buy.bento.btrll.com,sr,1.0,
BRP,2015-03-12T23:10:55.781Z,74C48F9DD31655E6,F08DD48C23302B99,57B47CB1EC9E3A63,api_buy_rails,api-buy.bento.btrll.com,ss,1.0,
BRP,2015-03-12T23:10:55.855Z,8E0D082757C308E9,BC85421E0218D2F5,8711EC894D59415D,api_buy_rails,api-buy.bento.btrll.com,sr,1.0,
BRP,2015-03-12T23:10:56.070Z,8E0D082757C308E9,BC85421E0218D2F5,8711EC894D59415D,api_buy_rails,api-buy.bento.btrll.com,ss,1.0,
BRP,2015-03-12T23:10:56.149Z,303F0C96A8E41273,EB20C02A5104DA0F,118F8CC0910EEAF3,api_buy_rails,api-buy.bento.btrll.com,sr,1.0,
BRP,2015-03-12T23:10:56.365Z,303F0C96A8E41273,EB20C02A5104DA0F,118F8CC0910EEAF3,api_buy_rails,api-buy.bento.btrll.com,ss,1.0,
BRP,2015-03-12T23:10:56.479Z,D43A9C97F322394A,CE89609524BB9C20,4BA0E3BF23181F78,api_buy_rails,api-buy.bento.btrll.com,sr,1.0,
BRP,2015-03-12T23:10:56.779Z,D43A9C97F322394A,CE89609524BB9C20,4BA0E3BF23181F78,api_buy_rails,api-buy.bento.btrll.com,ss,1.0,
BRP,2015-03-12T23:10:56.860Z,F62DE7163B092664,6204293B4E20059E,C5B3A8452B023418,api_buy_rails,api-buy.bento.btrll.com,sr,1.0,
BRP,2015-03-12T23:10:56.897Z,F62DE7163B092664,6204293B4E20059E,C5B3A8452B023418,api_buy_rails,api-buy.bento.btrll.com,ss,1.0,
BRP,2015-03-12T23:10:57.028Z,8FEE1A0EFF9DB4D9,43B24F334F03A97D,7DAC9C61B5F483DA,api_buy_rails,api-buy.bento.btrll.com,sr,1.0,
BRP,2015-03-12T23:10:57.238Z,8FEE1A0EFF9DB4D9,43B24F334F03A97D,7DAC9C61B5F483DA,api_buy_rails,api-buy.bento.btrll.com,ss,1.0,
BRP,2015-03-12T23:10:57.337Z,FDED8928BA4DD53D,F7515EEBB76BF62B,AFB8EF7AF5733757,api_buy_rails,api-buy.bento.btrll.com,sr,1.0,
BRP,2015-03-12T23:10:57.604Z,FDED8928BA4DD53D,F7515EEBB76BF62B,AFB8EF7AF5733757,api_buy_rails,api-buy.bento.btrll.com,ss,1.0,
BRP,2015-03-12T23:10:57.678Z,D9190D0F7D3E541E,319E241128A7D654,6988E1030B134E94,api_buy_rails,api-buy.bento.btrll.com,sr,1.0,
BRP,2015-03-12T23:10:57.880Z,D9190D0F7D3E541E,319E241128A7D654,6988E1030B134E94,api_buy_rails,api-buy.bento.btrll.com,ss,1.0,
BRP,2015-03-12T23:10:57.949Z,FF36BA0FA359E991,34ED74D1E088E34F,4111655F7E0A02DE,api_buy_rails,api-buy.bento.btrll.com,sr,1.0,
BRP,2015-03-12T23:10:58.153Z,FF36BA0FA359E991,34ED74D1E088E34F,4111655F7E0A02DE,api_buy_rails,api-buy.bento.btrll.com,ss,1.0,
BRP,2015-03-12T23:10:58.234Z,8765D4ADEB16F162,5D96A4A0555BDAB6,23B965599909025A,api_buy_rails,api-buy.bento.btrll.com,sr,1.0,
BRP,2015-03-12T23:10:58.436Z,8765D4ADEB16F162,5D96A4A0555BDAB6,23B965599909025A,api_buy_rails,api-buy.bento.btrll.com,ss,1.0,
BRP,2015-03-12T23:10:58.526Z,2401AB70B6B74A4F,4ADBCF757E578651,6E354CB9431CA012,api_buy_rails,api-buy.bento.btrll.com,sr,1.0,
BRP,2015-03-12T23:10:58.783Z,2401AB70B6B74A4F,4ADBCF757E578651,6E354CB9431CA012,api_buy_rails,api-buy.bento.btrll.com,ss,1.0,
BRP,2015-03-12T23:10:58.841Z,3BE3D97CF3559721,C0744756C16347AB,2F245D87C2EF4A57,api_buy_rails,api-buy.bento.btrll.com,sr,1.0,
BRP,2015-03-12T23:10:58.875Z,3BE3D97CF3559721,C0744756C16347AB,2F245D87C2EF4A57,api_buy_rails,api-buy.bento.btrll.com,ss,1.0,
BRP,2015-03-12T23:10:58.933Z,481843AEC20A58E2,BAD200C713073FA1,B47A4745505E39D8,api_buy_rails,api-buy.bento.btrll.com,sr,1.0,
BRP,2015-03-12T23:10:58.959Z,481843AEC20A58E2,BAD200C713073FA1,B47A4745505E39D8,api_buy_rails,api-buy.bento.btrll.com,ss,1.0,
BRP,2015-03-12T23:10:58.989Z,A87541CF712E9735,5F3628DCF1330F64,9D8233021E786C4E,api_buy_rails,api-buy.bento.btrll.com,sr,1.0,
BRP,2015-03-12T23:10:59.016Z,A87541CF712E9735,5F3628DCF1330F64,9D8233021E786C4E,api_buy_rails,api-buy.bento.btrll.com,ss,1.0,
BRP,2015-03-12T23:10:59.232Z,2508C1CF0FA0A7B7,D92473EE268F19E9,CE75125E810AF370,api_buy_rails,api-buy.bento.btrll.com,sr,1.0,
BRP,2015-03-12T23:10:59.254Z,2508C1CF0FA0A7B7,D92473EE268F19E9,CE75125E810AF370,api_buy_rails,api-buy.bento.btrll.com,ss,1.0,
BRP,2015-03-12T23:10:59.379Z,78D3C0EB9B5789B2,1A2955638E216F57,BF28AD928E3B8900,api_buy_rails,api-buy.bento.btrll.com,sr,1.0,
BRP,2015-03-12T23:10:59.475Z,78D3C0EB9B5789B2,1A2955638E216F57,BF28AD928E3B8900,api_buy_rails,api-buy.bento.btrll.com,ss,1.0,
BRP,2015-03-12T23:10:59.517Z,D97C543FEBE5895F,F976928FD16B864F,4DF670ED0B403D0F,api_buy_rails,api-buy.bento.btrll.com,sr,1.0,
BRP,2015-03-12T23:10:59.537Z,D97C543FEBE5895F,F976928FD16B864F,4DF670ED0B403D0F,api_buy_rails,api-buy.bento.btrll.com,ss,1.0,
BRP,2015-03-12T23:10:59.580Z,8725CAE12583FF6A,AFDF9D1AED396F3E,29648747DE9CE4B9,api_buy_rails,api-buy.bento.btrll.com,sr,1.0,
BRP,2015-03-12T23:10:59.600Z,8725CAE12583FF6A,AFDF9D1AED396F3E,29648747DE9CE4B9,api_buy_rails,api-buy.bento.btrll.com,ss,1.0,
BRP,2015-03-12T23:10:59.641Z,55F16E401C74E6E2,1366EED1F122DA3F,7138905D86C62395,api_buy_rails,api-buy.bento.btrll.com,sr,1.0,
BRP,2015-03-12T23:10:59.661Z,55F16E401C74E6E2,1366EED1F122DA3F,7138905D86C62395,api_buy_rails,api-buy.bento.btrll.com,ss,1.0,
BRP,2015-03-12T23:10:59.707Z,3AC2D435B9D4A22E,17F3CCD51BDB019D,A9B7C323F2F95388,api_buy_rails,api-buy.bento.btrll.com,sr,1.0,
BRP,2015-03-12T23:10:59.768Z,3AC2D435B9D4A22E,17F3CCD51BDB019D,A9B7C323F2F95388,api_buy_rails,api-buy.bento.btrll.com,ss,1.0,
BRP,2015-03-12T23:10:59.819Z,A6190BA6B7D18321,2704252081359AFE,BF80BA2ED180D30B,api_buy_rails,api-buy.bento.btrll.com,sr,1.0,
BRP,2015-03-12T23:10:59.839Z,A6190BA6B7D18321,2704252081359AFE,BF80BA2ED180D30B,api_buy_rails,api-buy.bento.btrll.com,ss,1.0,
BRP,2015-03-12T23:10:59.897Z,57A563CC587C81F1,6C2F9C231300BF83,FBBA16BB824BAAA0,api_buy_rails,api-buy.bento.btrll.com,sr,1.0,
BRP,2015-03-12T23:10:59.923Z,57A563CC587C81F1,6C2F9C231300BF83,FBBA16BB824BAAA0,api_buy_rails,api-buy.bento.btrll.com,ss,1.0,

